e:\moje dokumenty\projekty\visual studio 2019\windows programing learning\practice1_creatingwindows\transparentwindow_d2d\release\vc142.pdb
e:\moje dokumenty\projekty\visual studio 2019\windows programing learning\practice1_creatingwindows\transparentwindow_d2d\release\windowsmain.obj
e:\moje dokumenty\projekty\visual studio 2019\windows programing learning\practice1_creatingwindows\transparentwindow_d2d\release\transparenwindow_d2d.obj
e:\moje dokumenty\projekty\visual studio 2019\windows programing learning\practice1_creatingwindows\transparentwindow_d2d\release\rendererd2d.obj
e:\moje dokumenty\projekty\visual studio 2019\windows programing learning\practice1_creatingwindows\transparentwindow_d2d\release\program.obj
e:\moje dokumenty\projekty\visual studio 2019\windows programing learning\practice1_creatingwindows\transparentwindow_d2d\release\go_ellipse.obj
e:\moje dokumenty\projekty\visual studio 2019\windows programing learning\practice1_creatingwindows\transparentwindow_d2d\release\dpi.obj
e:\moje dokumenty\projekty\visual studio 2019\windows programing learning\practice1_creatingwindows\transparentwindow_d2d\release\tx_textbox.obj
e:\moje dokumenty\projekty\visual studio 2019\windows programing learning\practice1_creatingwindows\transparentwindow_d2d\release\graphicobject.obj
e:\moje dokumenty\projekty\visual studio 2019\windows programing learning\practice1_creatingwindows\transparentwindow_d2d\release\go_rectangle.obj
e:\moje dokumenty\projekty\visual studio 2019\windows programing learning\practice1_creatingwindows\transparentwindow_d2d\release\go_geometryellipse.obj
e:\moje dokumenty\projekty\visual studio 2019\windows programing learning\practice1_creatingwindows\release\transparentwindow_d2d.exe
e:\moje dokumenty\projekty\visual studio 2019\windows programing learning\practice1_creatingwindows\transparentwindow_d2d\release\transparentwindow_d2d.ipdb
e:\moje dokumenty\projekty\visual studio 2019\windows programing learning\practice1_creatingwindows\transparentwindow_d2d\release\transparentwindow_d2d.iobj
e:\moje dokumenty\projekty\visual studio 2019\windows programing learning\practice1_creatingwindows\release\transparentwindow_d2d.pdb
e:\moje dokumenty\projekty\visual studio 2019\windows programing learning\practice1_creatingwindows\transparentwindow_d2d\release\transpar.5a551746.tlog\cl.command.1.tlog
e:\moje dokumenty\projekty\visual studio 2019\windows programing learning\practice1_creatingwindows\transparentwindow_d2d\release\transpar.5a551746.tlog\cl.read.1.tlog
e:\moje dokumenty\projekty\visual studio 2019\windows programing learning\practice1_creatingwindows\transparentwindow_d2d\release\transpar.5a551746.tlog\cl.write.1.tlog
e:\moje dokumenty\projekty\visual studio 2019\windows programing learning\practice1_creatingwindows\transparentwindow_d2d\release\transpar.5a551746.tlog\link.command.1.tlog
e:\moje dokumenty\projekty\visual studio 2019\windows programing learning\practice1_creatingwindows\transparentwindow_d2d\release\transpar.5a551746.tlog\link.read.1.tlog
e:\moje dokumenty\projekty\visual studio 2019\windows programing learning\practice1_creatingwindows\transparentwindow_d2d\release\transpar.5a551746.tlog\link.write.1.tlog
