e:\moje dokumenty\projekty\visual studio 2019\windows programing learning\practice1_creatingwindows\transparentwindow_d2d\debug\vc142.pdb
e:\moje dokumenty\projekty\visual studio 2019\windows programing learning\practice1_creatingwindows\transparentwindow_d2d\debug\vc142.idb
e:\moje dokumenty\projekty\visual studio 2019\windows programing learning\practice1_creatingwindows\transparentwindow_d2d\debug\windowsmain.obj
e:\moje dokumenty\projekty\visual studio 2019\windows programing learning\practice1_creatingwindows\transparentwindow_d2d\debug\tx_textbox.obj
e:\moje dokumenty\projekty\visual studio 2019\windows programing learning\practice1_creatingwindows\transparentwindow_d2d\debug\transparenwindow_d2d.obj
e:\moje dokumenty\projekty\visual studio 2019\windows programing learning\practice1_creatingwindows\transparentwindow_d2d\debug\rendererd2d.obj
e:\moje dokumenty\projekty\visual studio 2019\windows programing learning\practice1_creatingwindows\transparentwindow_d2d\debug\program.obj
e:\moje dokumenty\projekty\visual studio 2019\windows programing learning\practice1_creatingwindows\transparentwindow_d2d\debug\graphicobject.obj
e:\moje dokumenty\projekty\visual studio 2019\windows programing learning\practice1_creatingwindows\transparentwindow_d2d\debug\go_rectangle.obj
e:\moje dokumenty\projekty\visual studio 2019\windows programing learning\practice1_creatingwindows\transparentwindow_d2d\debug\go_geometryellipse.obj
e:\moje dokumenty\projekty\visual studio 2019\windows programing learning\practice1_creatingwindows\transparentwindow_d2d\debug\go_ellipse.obj
e:\moje dokumenty\projekty\visual studio 2019\windows programing learning\practice1_creatingwindows\transparentwindow_d2d\debug\dpi.obj
e:\moje dokumenty\projekty\visual studio 2019\windows programing learning\practice1_creatingwindows\transparentwindow_d2d\debug\mouseeventmanager.obj
e:\moje dokumenty\projekty\visual studio 2019\windows programing learning\practice1_creatingwindows\debug\transparentwindow_d2d.exe
e:\moje dokumenty\projekty\visual studio 2019\windows programing learning\practice1_creatingwindows\transparentwindow_d2d\debug\transparentwindow_d2d.ilk
e:\moje dokumenty\projekty\visual studio 2019\windows programing learning\practice1_creatingwindows\debug\transparentwindow_d2d.pdb
e:\moje dokumenty\projekty\visual studio 2019\windows programing learning\practice1_creatingwindows\transparentwindow_d2d\debug\transpar.5a551746.tlog\cl.command.1.tlog
e:\moje dokumenty\projekty\visual studio 2019\windows programing learning\practice1_creatingwindows\transparentwindow_d2d\debug\transpar.5a551746.tlog\cl.read.1.tlog
e:\moje dokumenty\projekty\visual studio 2019\windows programing learning\practice1_creatingwindows\transparentwindow_d2d\debug\transpar.5a551746.tlog\cl.write.1.tlog
e:\moje dokumenty\projekty\visual studio 2019\windows programing learning\practice1_creatingwindows\transparentwindow_d2d\debug\transpar.5a551746.tlog\link.command.1.tlog
e:\moje dokumenty\projekty\visual studio 2019\windows programing learning\practice1_creatingwindows\transparentwindow_d2d\debug\transpar.5a551746.tlog\link.read.1.tlog
e:\moje dokumenty\projekty\visual studio 2019\windows programing learning\practice1_creatingwindows\transparentwindow_d2d\debug\transpar.5a551746.tlog\link.write.1.tlog
