e:\moje dokumenty\projekty\visual studio 2019\windows programing learning\practice1_creatingwindows\transparentwindow_d2d\x64\debug\vc142.pdb
e:\moje dokumenty\projekty\visual studio 2019\windows programing learning\practice1_creatingwindows\transparentwindow_d2d\x64\debug\vc142.idb
e:\moje dokumenty\projekty\visual studio 2019\windows programing learning\practice1_creatingwindows\transparentwindow_d2d\x64\debug\windowsmain.obj
e:\moje dokumenty\projekty\visual studio 2019\windows programing learning\practice1_creatingwindows\transparentwindow_d2d\x64\debug\tx_textbox.obj
e:\moje dokumenty\projekty\visual studio 2019\windows programing learning\practice1_creatingwindows\transparentwindow_d2d\x64\debug\transparenwindow_d2d.obj
e:\moje dokumenty\projekty\visual studio 2019\windows programing learning\practice1_creatingwindows\transparentwindow_d2d\x64\debug\rendererd2d.obj
e:\moje dokumenty\projekty\visual studio 2019\windows programing learning\practice1_creatingwindows\transparentwindow_d2d\x64\debug\program.obj
e:\moje dokumenty\projekty\visual studio 2019\windows programing learning\practice1_creatingwindows\transparentwindow_d2d\x64\debug\offscreenrenderer.obj
e:\moje dokumenty\projekty\visual studio 2019\windows programing learning\practice1_creatingwindows\transparentwindow_d2d\x64\debug\mouseeventmanager.obj
e:\moje dokumenty\projekty\visual studio 2019\windows programing learning\practice1_creatingwindows\transparentwindow_d2d\x64\debug\graphicobject.obj
e:\moje dokumenty\projekty\visual studio 2019\windows programing learning\practice1_creatingwindows\transparentwindow_d2d\x64\debug\go_rectangle.obj
e:\moje dokumenty\projekty\visual studio 2019\windows programing learning\practice1_creatingwindows\transparentwindow_d2d\x64\debug\go_geometryellipse.obj
e:\moje dokumenty\projekty\visual studio 2019\windows programing learning\practice1_creatingwindows\transparentwindow_d2d\x64\debug\go_ellipse.obj
e:\moje dokumenty\projekty\visual studio 2019\windows programing learning\practice1_creatingwindows\transparentwindow_d2d\x64\debug\dpi.obj
e:\moje dokumenty\projekty\visual studio 2019\windows programing learning\practice1_creatingwindows\transparentwindow_d2d\x64\debug\controlcanvas.obj
e:\moje dokumenty\projekty\visual studio 2019\windows programing learning\practice1_creatingwindows\x64\debug\transparentwindow_d2d.pdb
e:\moje dokumenty\projekty\visual studio 2019\windows programing learning\practice1_creatingwindows\transparentwindow_d2d\x64\debug\transpar.5a551746.tlog\cl.command.1.tlog
e:\moje dokumenty\projekty\visual studio 2019\windows programing learning\practice1_creatingwindows\transparentwindow_d2d\x64\debug\transpar.5a551746.tlog\cl.read.1.tlog
e:\moje dokumenty\projekty\visual studio 2019\windows programing learning\practice1_creatingwindows\transparentwindow_d2d\x64\debug\transpar.5a551746.tlog\cl.write.1.tlog
e:\moje dokumenty\projekty\visual studio 2019\windows programing learning\practice1_creatingwindows\transparentwindow_d2d\x64\debug\transpar.5a551746.tlog\link-cvtres.read.1.tlog
e:\moje dokumenty\projekty\visual studio 2019\windows programing learning\practice1_creatingwindows\transparentwindow_d2d\x64\debug\transpar.5a551746.tlog\link-cvtres.write.1.tlog
e:\moje dokumenty\projekty\visual studio 2019\windows programing learning\practice1_creatingwindows\transparentwindow_d2d\x64\debug\transpar.5a551746.tlog\link-rc.read.1.tlog
e:\moje dokumenty\projekty\visual studio 2019\windows programing learning\practice1_creatingwindows\transparentwindow_d2d\x64\debug\transpar.5a551746.tlog\link-rc.write.1.tlog
e:\moje dokumenty\projekty\visual studio 2019\windows programing learning\practice1_creatingwindows\transparentwindow_d2d\x64\debug\transpar.5a551746.tlog\link.6344-cvtres.read.1.tlog
e:\moje dokumenty\projekty\visual studio 2019\windows programing learning\practice1_creatingwindows\transparentwindow_d2d\x64\debug\transpar.5a551746.tlog\link.6344-cvtres.write.1.tlog
e:\moje dokumenty\projekty\visual studio 2019\windows programing learning\practice1_creatingwindows\transparentwindow_d2d\x64\debug\transpar.5a551746.tlog\link.6344-rc.read.1.tlog
e:\moje dokumenty\projekty\visual studio 2019\windows programing learning\practice1_creatingwindows\transparentwindow_d2d\x64\debug\transpar.5a551746.tlog\link.6344-rc.write.1.tlog
e:\moje dokumenty\projekty\visual studio 2019\windows programing learning\practice1_creatingwindows\transparentwindow_d2d\x64\debug\transpar.5a551746.tlog\link.6344.read.1.tlog
e:\moje dokumenty\projekty\visual studio 2019\windows programing learning\practice1_creatingwindows\transparentwindow_d2d\x64\debug\transpar.5a551746.tlog\link.6344.write.1.tlog
e:\moje dokumenty\projekty\visual studio 2019\windows programing learning\practice1_creatingwindows\transparentwindow_d2d\x64\debug\transpar.5a551746.tlog\link.command.1.tlog
e:\moje dokumenty\projekty\visual studio 2019\windows programing learning\practice1_creatingwindows\transparentwindow_d2d\x64\debug\transpar.5a551746.tlog\link.read.1.tlog
e:\moje dokumenty\projekty\visual studio 2019\windows programing learning\practice1_creatingwindows\transparentwindow_d2d\x64\debug\transpar.5a551746.tlog\link.write.1.tlog
